<?xml version="1.0" encoding="UTF-8"?>
<robot generator="Robot 7.4.2 (Python 3.11.0rc2 on win32)" generated="2026-09-12T00:20:33.072248" rpa="false" schemaversion="5">
<suite id="s1" name="Se-Connecter-Valides" source="C:\Users\M'hamed\OneDrive\Desktop\github-action\tests_ihm\se-connecter-valides.robot">
<test id="s1-t1" name="Le Tableau De Bord Doit Etre Visible Apres Une Connexion Réussie" line="7">
<kw name="Effectuer Une Connection Réussie" type="SETUP">
<kw name="Ouvrir Le Navigateur Et Accéder A L'Application" owner="commun">
<kw name="Open Browser" owner="SeleniumLibrary">
<msg time="2026-09-12T00:20:38.055500" level="INFO">Opening browser 'chrome' to base url 'http://livraison3.testacademy.fr'.</msg>
<arg>${URL}</arg>
<arg>${NAVIGATEUR}</arg>
<arg>options=add_argument("--headless=new");add_argument("--no-sandbox");add_argument("--disable-dev-shm-usage");add_argument("--window-size=1920,1080")</arg>
<doc>Opens a new browser instance to the optional ``url``.</doc>
<status status="PASS" start="2026-09-12T00:20:38.055500" elapsed="44.360711"/>
</kw>
<kw name="Set Window Size" owner="SeleniumLibrary">
<arg>1920</arg>
<arg>1080</arg>
<doc>Sets current windows size to given ``width`` and ``height``.</doc>
<status status="PASS" start="2026-09-12T00:21:22.424211" elapsed="0.880551"/>
</kw>
<status status="PASS" start="2026-09-12T00:20:38.043020" elapsed="45.261742"/>
</kw>
<kw name="Accéder A La Page De Connexion" owner="commun">
<kw name="Wait Until Element Is Visible" owner="SeleniumLibrary">
<arg>${LIEN SE CONNECTER}</arg>
<arg>timeout=30s</arg>
<doc>Waits until the element ``locator`` is visible.</doc>
<status status="PASS" start="2026-09-12T00:21:23.320388" elapsed="1.209831"/>
</kw>
<kw name="Scroll Element Into View" owner="SeleniumLibrary">
<arg>${LIEN SE CONNECTER}</arg>
<doc>Scrolls the element identified by ``locator`` into view.</doc>
<status status="PASS" start="2026-09-12T00:21:24.530219" elapsed="3.205404"/>
</kw>
<kw name="Click Element" owner="SeleniumLibrary">
<msg time="2026-09-12T00:21:27.737899" level="INFO">Clicking element 'css=a[data-target="#modal-login"]'.</msg>
<arg>${LIEN SE CONNECTER}</arg>
<doc>Click the element identified by ``locator``.</doc>
<status status="PASS" start="2026-09-12T00:21:27.737899" elapsed="1.339397"/>
</kw>
<kw name="Wait Until Element Is Visible" owner="SeleniumLibrary">
<arg>${MODAL CONNEXION}</arg>
<arg>timeout=30s</arg>
<doc>Waits until the element ``locator`` is visible.</doc>
<status status="PASS" start="2026-09-12T00:21:29.077296" elapsed="1.414089"/>
</kw>
<status status="PASS" start="2026-09-12T00:21:23.304762" elapsed="7.186623"/>
</kw>
<kw name="Saisir Le Nom D'Utilisateur" owner="commun">
<kw name="Wait Until Element Is Visible" owner="SeleniumLibrary">
<arg>${CHAMP UTILISATEUR}</arg>
<arg>timeout=10s</arg>
<doc>Waits until the element ``locator`` is visible.</doc>
<status status="PASS" start="2026-09-12T00:21:30.498164" elapsed="0.620802"/>
</kw>
<kw name="Click Element" owner="SeleniumLibrary">
<msg time="2026-09-12T00:21:31.118966" level="INFO">Clicking element 'name=username'.</msg>
<arg>${CHAMP UTILISATEUR}</arg>
<doc>Click the element identified by ``locator``.</doc>
<status status="PASS" start="2026-09-12T00:21:31.118966" elapsed="0.581082"/>
</kw>
<kw name="Input Text" owner="SeleniumLibrary">
<msg time="2026-09-12T00:21:31.703727" level="INFO">Typing text 'test' into text field 'name=username'.</msg>
<arg>${CHAMP UTILISATEUR}</arg>
<arg>${nom utilisateur}</arg>
<doc>Types the given ``text`` into the text field identified by ``locator``.</doc>
<status status="PASS" start="2026-09-12T00:21:31.700048" elapsed="0.437993"/>
</kw>
<arg>${UTILISATEUR VALIDE}</arg>
<status status="PASS" start="2026-09-12T00:21:30.491385" elapsed="1.646656"/>
</kw>
<kw name="Saisir Le Mot De Passe" owner="commun">
<kw name="Input Password" owner="SeleniumLibrary">
<msg time="2026-09-12T00:21:32.138041" level="INFO">Typing password into text field 'name=password'.</msg>
<msg time="2026-09-12T00:21:32.304715" level="INFO">Temporally setting log level to: NONE</msg>
<arg>${CHAMP DE MOT DE PASSE}</arg>
<arg>${mot de passe}</arg>
<doc>Types the given password into the text field identified by ``locator``.</doc>
<status status="PASS" start="2026-09-12T00:21:32.138041" elapsed="0.522444"/>
</kw>
<arg>${MOT DE PASSE VALIDE}</arg>
<status status="PASS" start="2026-09-12T00:21:32.138041" elapsed="0.522444"/>
</kw>
<kw name="Soumette Le Formulaire De Connexion" owner="commun">
<kw name="Click Button" owner="SeleniumLibrary">
<msg time="2026-09-12T00:21:32.669428" level="INFO">Clicking button 'css=.homey_login_button'.</msg>
<arg>${BOUTON SE CONNECTER}</arg>
<doc>Clicks the button identified by ``locator``.</doc>
<status status="PASS" start="2026-09-12T00:21:32.666360" elapsed="0.510764"/>
</kw>
<status status="PASS" start="2026-09-12T00:21:32.660485" elapsed="0.516639"/>
</kw>
<status status="PASS" start="2026-09-12T00:20:38.038727" elapsed="55.155325"/>
</kw>
<kw name="Vérifier Que Le Tableau De Bord Est Visible">
<kw name="Wait Until Element Is Not Visible" owner="SeleniumLibrary">
<msg time="2026-09-12T00:21:39.246875" level="INFO">Suppressing StaleElementReferenceException from Selenium.</msg>
<arg>${CHAMP UTILISATEUR}</arg>
<arg>timeout=10s</arg>
<doc>Waits until the element ``locator`` is not visible.</doc>
<status status="PASS" start="2026-09-12T00:21:33.210674" elapsed="6.350379"/>
</kw>
<kw name="Title Should Be" owner="SeleniumLibrary">
<msg time="2026-09-12T00:21:39.590758" level="INFO">Page title is 'Tableau de bord - Livraison 3'.</msg>
<arg>${TITRE PAGE TABLEAU DE BORD}</arg>
<doc>Verifies that the current page title equals ``title``.</doc>
<status status="PASS" start="2026-09-12T00:21:39.561053" elapsed="0.029705"/>
</kw>
<status status="PASS" start="2026-09-12T00:21:33.210674" elapsed="6.392111"/>
</kw>
<kw name="Effectuer Une Déconnexion Réussie" type="TEARDOWN">
<kw name="Execute Javascript" owner="SeleniumLibrary">
<msg time="2026-09-12T00:21:39.613397" level="INFO">Executing JavaScript:
var liens = Array.from(document.querySelectorAll('a')); var lien = liens.find(function(element) { return element.textContent.includes('Se déconnecter') &amp;&amp; element.offsetParent !== null; }); if (!lien) { return false; } lien.click(); return true;
Without any arguments.</msg>
<msg time="2026-09-12T00:21:43.721071" level="INFO">${clique} = True</msg>
<var>${clique}</var>
<arg>var liens = Array.from(document.querySelectorAll('a')); var lien = liens.find(function(element) { return element.textContent.includes('Se déconnecter') &amp;&amp; element.offsetParent !== null; }); if (!lien) { return false; } lien.click(); return true;</arg>
<doc>Executes the given JavaScript code with possible arguments.</doc>
<status status="PASS" start="2026-09-12T00:21:39.613397" elapsed="4.107674"/>
</kw>
<kw name="Should Be True" owner="BuiltIn">
<arg>${clique}</arg>
<doc>Fails if the given condition is not true.</doc>
<status status="PASS" start="2026-09-12T00:21:43.721071" elapsed="0.008006"/>
</kw>
<kw name="Wait Until Element Is Visible" owner="SeleniumLibrary">
<arg>${LIEN SE CONNECTER}</arg>
<arg>timeout=30s</arg>
<doc>Waits until the element ``locator`` is visible.</doc>
<status status="PASS" start="2026-09-12T00:21:43.729077" elapsed="1.116472"/>
</kw>
<status status="PASS" start="2026-09-12T00:21:39.612879" elapsed="5.232670"/>
</kw>
<status status="PASS" start="2026-09-12T00:20:38.028577" elapsed="66.829163"/>
</test>
<test id="s1-t2" name="Le Lien De Connexion Devrait Etre Visible Après Une Déconnexion Réussie" line="12">
<kw name="Effectuer Une Connection Réussie" type="SETUP">
<kw name="Ouvrir Le Navigateur Et Accéder A L'Application" owner="commun">
<kw name="Open Browser" owner="SeleniumLibrary">
<msg time="2026-09-12T00:21:44.922489" level="INFO">Opening browser 'chrome' to base url 'http://livraison3.testacademy.fr'.</msg>
<arg>${URL}</arg>
<arg>${NAVIGATEUR}</arg>
<arg>options=add_argument("--headless=new");add_argument("--no-sandbox");add_argument("--disable-dev-shm-usage");add_argument("--window-size=1920,1080")</arg>
<doc>Opens a new browser instance to the optional ``url``.</doc>
<status status="PASS" start="2026-09-12T00:21:44.922489" elapsed="20.824521"/>
</kw>
<kw name="Set Window Size" owner="SeleniumLibrary">
<arg>1920</arg>
<arg>1080</arg>
<doc>Sets current windows size to given ``width`` and ``height``.</doc>
<status status="PASS" start="2026-09-12T00:22:05.825144" elapsed="0.015614"/>
</kw>
<status status="PASS" start="2026-09-12T00:21:44.922489" elapsed="20.918269"/>
</kw>
<kw name="Accéder A La Page De Connexion" owner="commun">
<kw name="Wait Until Element Is Visible" owner="SeleniumLibrary">
<arg>${LIEN SE CONNECTER}</arg>
<arg>timeout=30s</arg>
<doc>Waits until the element ``locator`` is visible.</doc>
<status status="PASS" start="2026-09-12T00:22:05.853436" elapsed="0.091123"/>
</kw>
<kw name="Scroll Element Into View" owner="SeleniumLibrary">
<arg>${LIEN SE CONNECTER}</arg>
<doc>Scrolls the element identified by ``locator`` into view.</doc>
<status status="PASS" start="2026-09-12T00:22:05.944559" elapsed="1.773965"/>
</kw>
<kw name="Click Element" owner="SeleniumLibrary">
<msg time="2026-09-12T00:22:07.718524" level="INFO">Clicking element 'css=a[data-target="#modal-login"]'.</msg>
<arg>${LIEN SE CONNECTER}</arg>
<doc>Click the element identified by ``locator``.</doc>
<status status="PASS" start="2026-09-12T00:22:07.718524" elapsed="1.622709"/>
</kw>
<kw name="Wait Until Element Is Visible" owner="SeleniumLibrary">
<arg>${MODAL CONNEXION}</arg>
<arg>timeout=30s</arg>
<doc>Waits until the element ``locator`` is visible.</doc>
<status status="PASS" start="2026-09-12T00:22:09.341233" elapsed="1.570643"/>
</kw>
<status status="PASS" start="2026-09-12T00:22:05.853436" elapsed="5.066455"/>
</kw>
<kw name="Saisir Le Nom D'Utilisateur" owner="commun">
<kw name="Wait Until Element Is Visible" owner="SeleniumLibrary">
<arg>${CHAMP UTILISATEUR}</arg>
<arg>timeout=10s</arg>
<doc>Waits until the element ``locator`` is visible.</doc>
<status status="PASS" start="2026-09-12T00:22:10.919891" elapsed="0.224758"/>
</kw>
<kw name="Click Element" owner="SeleniumLibrary">
<msg time="2026-09-12T00:22:11.144649" level="INFO">Clicking element 'name=username'.</msg>
<arg>${CHAMP UTILISATEUR}</arg>
<doc>Click the element identified by ``locator``.</doc>
<status status="PASS" start="2026-09-12T00:22:11.144649" elapsed="0.830332"/>
</kw>
<kw name="Input Text" owner="SeleniumLibrary">
<msg time="2026-09-12T00:22:11.974981" level="INFO">Typing text 'test' into text field 'name=username'.</msg>
<arg>${CHAMP UTILISATEUR}</arg>
<arg>${nom utilisateur}</arg>
<doc>Types the given ``text`` into the text field identified by ``locator``.</doc>
<status status="PASS" start="2026-09-12T00:22:11.974981" elapsed="0.967888"/>
</kw>
<arg>${UTILISATEUR VALIDE}</arg>
<status status="PASS" start="2026-09-12T00:22:10.919891" elapsed="2.022978"/>
</kw>
<kw name="Saisir Le Mot De Passe" owner="commun">
<kw name="Input Password" owner="SeleniumLibrary">
<msg time="2026-09-12T00:22:12.958867" level="INFO">Typing password into text field 'name=password'.</msg>
<msg time="2026-09-12T00:22:13.235405" level="INFO">Temporally setting log level to: NONE</msg>
<arg>${CHAMP DE MOT DE PASSE}</arg>
<arg>${mot de passe}</arg>
<doc>Types the given password into the text field identified by ``locator``.</doc>
<status status="PASS" start="2026-09-12T00:22:12.950876" elapsed="1.327175"/>
</kw>
<arg>${MOT DE PASSE VALIDE}</arg>
<status status="PASS" start="2026-09-12T00:22:12.942869" elapsed="1.411706"/>
</kw>
<kw name="Soumette Le Formulaire De Connexion" owner="commun">
<kw name="Click Button" owner="SeleniumLibrary">
<msg time="2026-09-12T00:22:14.364773" level="INFO">Clicking button 'css=.homey_login_button'.</msg>
<arg>${BOUTON SE CONNECTER}</arg>
<doc>Clicks the button identified by ``locator``.</doc>
<status status="PASS" start="2026-09-12T00:22:14.354575" elapsed="1.068520"/>
</kw>
<status status="PASS" start="2026-09-12T00:22:14.354575" elapsed="1.076519"/>
</kw>
<status status="PASS" start="2026-09-12T00:21:44.914236" elapsed="30.516858"/>
</kw>
<kw name="Vérifier Que Le Tableau De Bord Est Visible">
<kw name="Wait Until Element Is Not Visible" owner="SeleniumLibrary">
<msg time="2026-09-12T00:22:20.629910" level="INFO">Suppressing StaleElementReferenceException from Selenium.</msg>
<arg>${CHAMP UTILISATEUR}</arg>
<arg>timeout=10s</arg>
<doc>Waits until the element ``locator`` is not visible.</doc>
<status status="PASS" start="2026-09-12T00:22:15.439092" elapsed="5.629071"/>
</kw>
<kw name="Title Should Be" owner="SeleniumLibrary">
<msg time="2026-09-12T00:22:21.192832" level="INFO">Page title is 'Tableau de bord - Livraison 3'.</msg>
<arg>${TITRE PAGE TABLEAU DE BORD}</arg>
<doc>Verifies that the current page title equals ``title``.</doc>
<status status="PASS" start="2026-09-12T00:22:21.068163" elapsed="0.132667"/>
</kw>
<status status="PASS" start="2026-09-12T00:22:15.431094" elapsed="5.769736"/>
</kw>
<kw name="Effectuer Une Déconnexion Réussie">
<kw name="Execute Javascript" owner="SeleniumLibrary">
<msg time="2026-09-12T00:22:21.200830" level="INFO">Executing JavaScript:
var liens = Array.from(document.querySelectorAll('a')); var lien = liens.find(function(element) { return element.textContent.includes('Se déconnecter') &amp;&amp; element.offsetParent !== null; }); if (!lien) { return false; } lien.click(); return true;
Without any arguments.</msg>
<msg time="2026-09-12T00:22:26.587553" level="INFO">${clique} = True</msg>
<var>${clique}</var>
<arg>var liens = Array.from(document.querySelectorAll('a')); var lien = liens.find(function(element) { return element.textContent.includes('Se déconnecter') &amp;&amp; element.offsetParent !== null; }); if (!lien) { return false; } lien.click(); return true;</arg>
<doc>Executes the given JavaScript code with possible arguments.</doc>
<status status="PASS" start="2026-09-12T00:22:21.200830" elapsed="5.386723"/>
</kw>
<kw name="Should Be True" owner="BuiltIn">
<arg>${clique}</arg>
<doc>Fails if the given condition is not true.</doc>
<status status="PASS" start="2026-09-12T00:22:26.587553" elapsed="0.000000"/>
</kw>
<kw name="Wait Until Element Is Visible" owner="SeleniumLibrary">
<arg>${LIEN SE CONNECTER}</arg>
<arg>timeout=30s</arg>
<doc>Waits until the element ``locator`` is visible.</doc>
<status status="PASS" start="2026-09-12T00:22:26.587553" elapsed="1.349875"/>
</kw>
<status status="PASS" start="2026-09-12T00:22:21.200830" elapsed="6.736598"/>
</kw>
<kw name="Vérifier Que Le Lien De Connexion Est Visible">
<kw name="Element Should Be Visible" owner="SeleniumLibrary">
<msg time="2026-09-12T00:22:28.166845" level="INFO">Element 'css=a[data-target="#modal-login"]' is displayed.</msg>
<arg>${LIEN SE CONNECTER}</arg>
<doc>Verifies that the element identified by ``locator`` is visible.</doc>
<status status="PASS" start="2026-09-12T00:22:27.937428" elapsed="0.229417"/>
</kw>
<status status="PASS" start="2026-09-12T00:22:27.937428" elapsed="0.229417"/>
</kw>
<status status="PASS" start="2026-09-12T00:21:44.857740" elapsed="43.312624"/>
</test>
<meta name="Title">RobotframeworkGHIZLANEELAZKALANIReport</meta>
<status status="PASS" start="2026-09-12T00:20:33.088829" elapsed="115.153806"/>
</suite>
<statistics>
<total>
<stat pass="2" fail="0" skip="0">All Tests</stat>
</total>
<tag>
</tag>
<suite>
<stat name="Se-Connecter-Valides" id="s1" pass="2" fail="0" skip="0">Se-Connecter-Valides</stat>
</suite>
</statistics>
<errors>
</errors>
</robot>
